CoreGen has not been configured with any user repositories.
CoreGen has been configured with the following Xilinx repositories:
 - '/vol/cc/opt/Xilinx/13.3/ISE_DS/ISE/coregen/' [using existing xil_index.xml]
INFO:encore:314 - Created non-GUI application for batch mode execution.
INFO:sim - Generating component instance
   'CGFifo_81_ise13_3_xc6vsx475t_2_FF1759_ES_128_512_forcebram_dualclock_rst_pf4
   96_pe16' of 'xilinx.com:ip:fifo_generator:8.1' from
   '/vol/cc/opt/Xilinx/13.3/ISE_DS/ISE/coregen/./ip/xilinx/primary/com/xilinx/ip
   /fifo_generator_v8_1/component.xml'.
Resolving generics for
'CGFifo_81_ise13_3_xc6vsx475t_2_FF1759_ES_128_512_forcebram_dualclock_rst_pf496_
pe16'...
WARNING:coreutil - couldn't open
   "/mnt/data/cccad3/aa18514/latest_conv_net/full1/final/HW/maxfiles/convolution
   _MAX3424A_DFE/scratch/CGFifo_81_ise13_3_xc6vsx475t_2_FF1759_ES_128_512_forceb
   ram_dualclock_rst_pf496_pe16/tmp/_cg/_dbg/xil_158.out": no such file or
   directory
       while executing
   "open ${outFileName} r"
       (procedure "::xilinx::GeneratorUtils::readOutFile" line 17)
       invoked from within
   "::xilinx::GeneratorUtils::readOutFile $componentInstanceID $outFileName"
       (procedure "resolveGenerics" line 30)
       invoked from within
   "resolveGenerics $componentInstanceID"
       (procedure "main" line 23)
       invoked from within
   "main $argc $argv"
       invoked from within
   "return [main $argc $argv]"
       (file
   "/vol/cc/opt/Xilinx/13.3/ISE_DS/ISE/coregen/repository/xilinx.com/generators/
   model_parameter_resolution_generator_v1_0.tcl" line 146)ERROR:sim - Unable to evaluate Tcl file:
   /vol/cc/opt/Xilinx/13.3/ISE_DS/ISE/coregen/repository/xilinx.com/generators/m
   odel_parameter_resolution_generator_v1_0.tcl
ERROR:sim - Failed executing Tcl generator.
ERROR:sim - Failed to generate
   'CGFifo_81_ise13_3_xc6vsx475t_2_FF1759_ES_128_512_forcebram_dualclock_rst_pf4
   96_pe16'.  Failed executing Tcl generator.

ERROR:sim:877 - Error found during execution of IP 'Fifo Generator v8.1'
